13:54:40:INFO:Seleción menú Autenticarse. Usuario en sesión: .
13:54:48:INFO:Autenticación CORRECTA de sertemo.
13:54:51:INFO:Seleción menú Autenticarse. Usuario en sesión: Sergio Tejedor.
13:55:00:INFO:Seleción menú Distribuir. Usuario en sesión: Sergio Tejedor.
13:55:13:INFO:El excel se ha cargado correctamente para la sesión sertemo
13:55:13:INFO:Descanso establecido para la sesión de sertemo de 10 segundos.
13:59:15:INFO:Descanso establecido para la sesión de sertemo de 10 segundos.
13:59:36:INFO:Descanso establecido para la sesión de sertemo de 10 segundos.
14:01:31:INFO:Descanso establecido para la sesión de sertemo de 10 segundos.
14:01:31:INFO:Seleción menú Distribuir. Usuario en sesión: Sergio Tejedor.
14:03:09:INFO:Descanso establecido para la sesión de sertemo de 10 segundos.
14:03:09:INFO:Seleción menú Distribuir. Usuario en sesión: Sergio Tejedor.
14:03:26:INFO:Descanso establecido para la sesión de sertemo de 10 segundos.
14:03:27:INFO:API Key guardada correctamente para usuario sertemo.
14:03:27:INFO:Seleción menú Distribuir. Usuario en sesión: Sergio Tejedor.
14:03:29:INFO:Descanso establecido para la sesión de sertemo de 10 segundos.
14:03:29:INFO:Seleción menú Distribuir. Usuario en sesión: Sergio Tejedor.
14:05:09:INFO:Descanso establecido para la sesión de sertemo de 10 segundos.
14:05:09:INFO:La API Key se ha borrado correctamente para el usuario sertemo.
14:05:09:INFO:Seleción menú Distribuir. Usuario en sesión: Sergio Tejedor.
14:05:17:INFO:Seleción menú Personalizar. Usuario en sesión: Sergio Tejedor.
14:05:19:INFO:Descanso establecido para la sesión de sertemo de 10 segundos.
14:05:19:INFO:Seleción menú Distribuir. Usuario en sesión: Sergio Tejedor.
14:05:47:INFO:Descanso establecido para la sesión de sertemo de 10 segundos.
14:05:48:INFO:Seleción menú Distribuir. Usuario en sesión: Sergio Tejedor.
14:05:57:INFO:Seleción menú Distribuir. Usuario en sesión: Sergio Tejedor.
14:08:53:INFO:Seleción menú Distribuir. Usuario en sesión: Sergio Tejedor.
14:09:18:INFO:Seleción menú Distribuir. Usuario en sesión: Sergio Tejedor.
14:09:31:INFO:El excel se ha cargado correctamente para la sesión sertemo
14:09:31:INFO:Descanso establecido para la sesión de sertemo de 10 segundos.
14:09:31:INFO:Seleción menú Distribuir. Usuario en sesión: Sergio Tejedor.
14:09:42:INFO:Descanso establecido para la sesión de sertemo de 10 segundos.
14:09:42:INFO:Seleción menú Distribuir. Usuario en sesión: Sergio Tejedor.
14:09:47:INFO:Descanso establecido para la sesión de sertemo de 10 segundos.
14:09:47:INFO:API Key guardada correctamente para usuario sertemo.
14:09:47:INFO:Seleción menú Distribuir. Usuario en sesión: Sergio Tejedor.
14:09:48:INFO:Descanso establecido para la sesión de sertemo de 10 segundos.
14:09:49:INFO:Seleción menú Distribuir. Usuario en sesión: Sergio Tejedor.
14:10:12:INFO:Seleción menú Personalizar. Usuario en sesión: Sergio Tejedor.
14:10:14:INFO:Descanso establecido para la sesión de sertemo de 10 segundos.
14:10:15:INFO:Seleción menú Distribuir. Usuario en sesión: Sergio Tejedor.
14:10:23:INFO:Seleción menú Personalizar. Usuario en sesión: Sergio Tejedor.
14:10:24:INFO:Seleción menú Personalizar. Usuario en sesión: Sergio Tejedor.
14:10:27:INFO:Seleción menú Distribuir. Usuario en sesión: Sergio Tejedor.
14:10:28:INFO:Seleción menú Distribuir. Usuario en sesión: Sergio Tejedor.
14:10:33:INFO:El excel se ha cargado correctamente para la sesión sertemo
14:10:33:INFO:Descanso establecido para la sesión de sertemo de 10 segundos.
14:10:34:INFO:Seleción menú Distribuir. Usuario en sesión: Sergio Tejedor.
14:11:34:INFO:Descanso establecido para la sesión de sertemo de 10 segundos.
14:11:34:INFO:Seleción menú Distribuir. Usuario en sesión: Sergio Tejedor.
14:12:22:INFO:Descanso establecido para la sesión de sertemo de 10 segundos.
14:12:22:INFO:Seleción menú Distribuir. Usuario en sesión: Sergio Tejedor.
14:13:11:INFO:Descanso establecido para la sesión de sertemo de 10 segundos.
14:13:12:INFO:Seleción menú Distribuir. Usuario en sesión: Sergio Tejedor.
14:13:24:INFO:Descanso establecido para la sesión de sertemo de 10 segundos.
14:13:24:INFO:Seleción menú Distribuir. Usuario en sesión: Sergio Tejedor.
14:13:38:INFO:Descanso establecido para la sesión de sertemo de 10 segundos.
14:13:38:INFO:Seleción menú Distribuir. Usuario en sesión: Sergio Tejedor.
14:14:09:INFO:Descanso establecido para la sesión de sertemo de 10 segundos.
14:14:10:INFO:Seleción menú Distribuir. Usuario en sesión: Sergio Tejedor.
14:14:45:INFO:Descanso establecido para la sesión de sertemo de 10 segundos.
14:14:45:INFO:Seleción menú Distribuir. Usuario en sesión: Sergio Tejedor.
14:17:26:INFO:Seleción menú Autenticarse. Usuario en sesión: .
14:17:34:INFO:Autenticación CORRECTA de sertemo.
14:17:36:INFO:Seleción menú Autenticarse. Usuario en sesión: Sergio Tejedor.
14:17:43:INFO:Seleción menú Distribuir. Usuario en sesión: Sergio Tejedor.
14:17:54:INFO:El excel se ha cargado correctamente para la sesión sertemo
14:17:54:INFO:Descanso establecido para la sesión de sertemo de 10 segundos.
14:17:54:INFO:Seleción menú Distribuir. Usuario en sesión: Sergio Tejedor.
14:18:13:INFO:Descanso establecido para la sesión de sertemo de 10 segundos.
14:18:14:INFO:La API Key se ha borrado correctamente para el usuario sertemo.
14:18:14:INFO:Seleción menú Distribuir. Usuario en sesión: Sergio Tejedor.
14:18:15:INFO:Descanso establecido para la sesión de sertemo de 10 segundos.
14:18:15:INFO:Seleción menú Distribuir. Usuario en sesión: Sergio Tejedor.
14:19:53:INFO:Descanso establecido para la sesión de sertemo de 10 segundos.
14:19:53:INFO:Seleción menú Distribuir. Usuario en sesión: Sergio Tejedor.
