19:19:56:INFO:Seleción menú Autenticarse. Usuario en sesión: .
19:20:03:INFO:Autenticación CORRECTA de sertemo.
19:20:05:INFO:Seleción menú Autenticarse. Usuario en sesión: Sergio Tejedor.
19:20:10:INFO:Seleción menú Distribuir. Usuario en sesión: Sergio Tejedor.
19:20:32:INFO:El excel se ha cargado correctamente para la sesión sertemo
19:20:32:INFO:Descanso establecido para la sesión de sertemo de 10 segundos.
19:20:32:INFO:Seleción menú Distribuir. Usuario en sesión: Sergio Tejedor.
19:20:36:INFO:Descanso establecido para la sesión de sertemo de 10 segundos.
19:20:36:INFO:Seleción menú Distribuir. Usuario en sesión: Sergio Tejedor.
19:21:05:INFO:Descanso establecido para la sesión de sertemo de 10 segundos.
19:21:06:INFO:Seleción menú Distribuir. Usuario en sesión: Sergio Tejedor.
19:21:11:INFO:Descanso establecido para la sesión de sertemo de 10 segundos.
19:21:13:INFO:Descanso establecido para la sesión de sertemo de 10 segundos.
19:21:14:INFO:Seleción menú Distribuir. Usuario en sesión: Sergio Tejedor.
19:21:33:INFO:Descanso establecido para la sesión de sertemo de 10 segundos.
19:21:33:INFO:Seleción menú Distribuir. Usuario en sesión: Sergio Tejedor.
19:21:37:INFO:Descanso establecido para la sesión de sertemo de 10 segundos.
19:21:38:INFO:Final de Distribución para sesión. Se han procesado 0 filas de 4. Tiempo total: 0 min 0 s
19:21:38:INFO:Seleción menú Distribuir. Usuario en sesión: Sergio Tejedor.
19:24:21:INFO:Descanso establecido para la sesión de sertemo de 10 segundos.
19:24:35:INFO:Final de Distribución para sesión. Se han procesado 1 filas de 4. Tiempo total: 0 min 13 s
19:24:35:INFO:Seleción menú Distribuir. Usuario en sesión: Sergio Tejedor.
22:41:54:INFO:Seleción menú Autenticarse. Usuario en sesión: .
22:42:12:INFO:Autenticación CORRECTA de sertemo.
22:42:15:INFO:Seleción menú Autenticarse. Usuario en sesión: Sergio Tejedor.
22:42:19:INFO:Seleción menú Distribuir. Usuario en sesión: Sergio Tejedor.
22:43:54:INFO:El excel se ha cargado correctamente para la sesión sertemo
22:43:54:INFO:Descanso establecido para la sesión de sertemo de 10 segundos.
22:43:55:INFO:Seleción menú Distribuir. Usuario en sesión: Sergio Tejedor.
22:44:02:INFO:Descanso establecido para la sesión de sertemo de 10 segundos.
22:44:03:INFO:Seleción menú Distribuir. Usuario en sesión: Sergio Tejedor.
22:44:46:INFO:Descanso establecido para la sesión de sertemo de 10 segundos.
22:44:47:INFO:Seleción menú Distribuir. Usuario en sesión: Sergio Tejedor.
22:45:04:INFO:Descanso establecido para la sesión de sertemo de 10 segundos.
22:45:05:INFO:Seleción menú Distribuir. Usuario en sesión: Sergio Tejedor.
22:45:08:INFO:Descanso establecido para la sesión de sertemo de 10 segundos.
22:45:21:INFO:Final de Distribución para sesión. Se han procesado 1 filas de 4. Tiempo total: 0 min 13 s
22:45:21:INFO:Seleción menú Distribuir. Usuario en sesión: Sergio Tejedor.
22:46:07:INFO:Descanso establecido para la sesión de sertemo de 10 segundos.
22:46:07:INFO:Seleción menú Distribuir. Usuario en sesión: Sergio Tejedor.
22:52:13:INFO:Seleción menú Distribuir. Usuario en sesión: Sergio Tejedor.
22:53:16:INFO:Seleción menú Distribuir. Usuario en sesión: Sergio Tejedor.
22:53:22:INFO:El excel se ha cargado correctamente para la sesión sertemo
22:53:22:INFO:Descanso establecido para la sesión de sertemo de 10 segundos.
22:53:22:INFO:Seleción menú Distribuir. Usuario en sesión: Sergio Tejedor.
22:53:34:INFO:Descanso establecido para la sesión de sertemo de 10 segundos.
22:53:35:INFO:Seleción menú Distribuir. Usuario en sesión: Sergio Tejedor.
22:53:48:INFO:Descanso establecido para la sesión de sertemo de 10 segundos.
22:53:49:INFO:Seleción menú Distribuir. Usuario en sesión: Sergio Tejedor.
22:54:38:INFO:Descanso establecido para la sesión de sertemo de 10 segundos.
22:54:51:INFO:Final de Distribución para sesión. Se han procesado 1 filas de 4. Tiempo total: 0 min 12 s
22:54:51:INFO:Seleción menú Distribuir. Usuario en sesión: Sergio Tejedor.
23:00:56:INFO:Descanso establecido para la sesión de sertemo de 10 segundos.
23:00:57:INFO:Seleción menú Distribuir. Usuario en sesión: Sergio Tejedor.
23:07:33:INFO:Descanso establecido para la sesión de sertemo de 10 segundos.
23:07:33:INFO:Seleción menú Distribuir. Usuario en sesión: Sergio Tejedor.
23:07:38:INFO:Descanso establecido para la sesión de sertemo de 10 segundos.
23:07:38:INFO:Seleción menú Distribuir. Usuario en sesión: Sergio Tejedor.
23:07:40:INFO:Seleción menú Distribuir. Usuario en sesión: Sergio Tejedor.
23:08:51:INFO:Seleción menú Distribuir. Usuario en sesión: Sergio Tejedor.
23:09:05:INFO:El excel se ha cargado correctamente para la sesión sertemo
23:09:05:INFO:Descanso establecido para la sesión de sertemo de 10 segundos.
23:09:05:INFO:Seleción menú Distribuir. Usuario en sesión: Sergio Tejedor.
23:09:17:INFO:Descanso establecido para la sesión de sertemo de 10 segundos.
23:09:18:INFO:Seleción menú Distribuir. Usuario en sesión: Sergio Tejedor.
23:09:26:INFO:Descanso establecido para la sesión de sertemo de 10 segundos.
23:09:27:INFO:Seleción menú Distribuir. Usuario en sesión: Sergio Tejedor.
23:09:29:INFO:Descanso establecido para la sesión de sertemo de 10 segundos.
23:09:30:INFO:Final de Distribución para sesión. Se han procesado 0 filas de 4. Tiempo total: 0 min 0 s
23:09:30:INFO:Seleción menú Distribuir. Usuario en sesión: Sergio Tejedor.
23:10:28:INFO:Descanso establecido para la sesión de sertemo de 10 segundos.
23:10:28:INFO:Seleción menú Distribuir. Usuario en sesión: Sergio Tejedor.
